{
  "RSpec": {
    "coverage": {
      "/home/roberta/programming/TP/17_12_12/TP_17_12_12-RSA_method/lib/RSA.rb": [
        1,
        1,
        1,
        3,
        3,
        3,
        null,
        null,
        1,
        1,
        null,
        null,
        1,
        1,
        null,
        null,
        1,
        1,
        null,
        null,
        1,
        1,
        1,
        1,
        null,
        null,
        1,
        2,
        null,
        1,
        0,
        null,
        null,
        1,
        1,
        null,
        1,
        null,
        1,
        4,
        null,
        null,
        1,
        144731,
        144729,
        null,
        null,
        1,
        1,
        1,
        1,
        null,
        null,
        1,
        152,
        null,
        null,
        1,
        152,
        null,
        null,
        null,
        null,
        1,
        1,
        null,
        1,
        null,
        1,
        null
      ]
    },
    "timestamp": 1514736641
  }
}
